2024-11-29 16:31:26,090 - comtypes.client._code_cache - INFO - Imported existing <module 'comtypes.gen' from 'c:\\Users\\devin\\AppData\\Local\\Programs\\Python\\Python311\\Lib\\site-packages\\comtypes\\gen\\__init__.py'>
2024-11-29 16:31:26,091 - comtypes.client._code_cache - INFO - Using writeable comtypes cache directory: 'c:\Users\devin\AppData\Local\Programs\Python\Python311\Lib\site-packages\comtypes\gen'
2024-11-29 16:31:27,317 - __main__ - INFO - Voice Assistant Initialized
2024-11-29 16:31:31,989 - __main__ - INFO - Listening for wake word...
2024-11-29 16:31:38,503 - __main__ - INFO - Listening for wake word...
2024-11-29 16:57:12,437 - __main__ - INFO - Voice Assistant Initialized
2024-11-29 16:57:13,105 - httpx - INFO - HTTP Request: GET https://api.elevenlabs.io/v1/voices?show_legacy=true "HTTP/1.1 200 OK"
2024-11-29 16:57:14,035 - httpx - INFO - HTTP Request: POST https://api.elevenlabs.io/v1/text-to-speech/21m00Tcm4TlvDq8ikWAM?optimize_streaming_latency=0&output_format=mp3_44100_128 "HTTP/1.1 200 OK"
2024-11-29 16:57:17,415 - __main__ - INFO - Listening for wake word...
2024-11-29 16:57:20,272 - __main__ - INFO - Listening for wake word...
2024-11-29 16:58:38,062 - __main__ - INFO - Voice Assistant Initialized
2024-11-29 16:58:38,800 - httpx - INFO - HTTP Request: GET https://api.elevenlabs.io/v1/voices?show_legacy=true "HTTP/1.1 200 OK"
2024-11-29 16:58:42,375 - httpx - INFO - HTTP Request: POST https://api.elevenlabs.io/v1/text-to-speech/21m00Tcm4TlvDq8ikWAM?optimize_streaming_latency=0&output_format=mp3_44100_128 "HTTP/1.1 200 OK"
2024-11-29 16:59:24,414 - __main__ - INFO - Voice Assistant Initialized
2024-11-29 16:59:25,436 - httpx - INFO - HTTP Request: GET https://api.elevenlabs.io/v1/voices?show_legacy=true "HTTP/1.1 200 OK"
2024-11-29 16:59:26,383 - httpx - INFO - HTTP Request: POST https://api.elevenlabs.io/v1/text-to-speech/21m00Tcm4TlvDq8ikWAM?optimize_streaming_latency=0&output_format=mp3_44100_128 "HTTP/1.1 200 OK"
2024-11-29 16:59:29,846 - __main__ - INFO - Listening for wake word...
2024-11-29 16:59:33,690 - __main__ - INFO - Heard: hey cortana
2024-11-29 16:59:34,159 - httpx - INFO - HTTP Request: GET https://api.elevenlabs.io/v1/voices?show_legacy=true "HTTP/1.1 200 OK"
2024-11-29 16:59:35,115 - httpx - INFO - HTTP Request: POST https://api.elevenlabs.io/v1/text-to-speech/21m00Tcm4TlvDq8ikWAM?optimize_streaming_latency=0&output_format=mp3_44100_128 "HTTP/1.1 200 OK"
2024-11-29 16:59:37,981 - httpx - INFO - HTTP Request: GET https://api.elevenlabs.io/v1/voices?show_legacy=true "HTTP/1.1 200 OK"
2024-11-29 16:59:38,792 - httpx - INFO - HTTP Request: POST https://api.elevenlabs.io/v1/text-to-speech/21m00Tcm4TlvDq8ikWAM?optimize_streaming_latency=0&output_format=mp3_44100_128 "HTTP/1.1 200 OK"
2024-11-29 16:59:42,167 - httpx - INFO - HTTP Request: GET https://api.elevenlabs.io/v1/voices?show_legacy=true "HTTP/1.1 200 OK"
2024-11-29 16:59:43,062 - httpx - INFO - HTTP Request: POST https://api.elevenlabs.io/v1/text-to-speech/21m00Tcm4TlvDq8ikWAM?optimize_streaming_latency=0&output_format=mp3_44100_128 "HTTP/1.1 200 OK"
2024-11-29 16:59:46,324 - __main__ - INFO - Listening for wake word...
2024-11-29 16:59:49,504 - __main__ - INFO - Heard: what is 2 + 2
2024-11-29 16:59:50,538 - __main__ - INFO - Listening for wake word...
2024-11-29 16:59:59,227 - __main__ - INFO - Heard: hey cortana
2024-11-29 16:59:59,786 - httpx - INFO - HTTP Request: GET https://api.elevenlabs.io/v1/voices?show_legacy=true "HTTP/1.1 200 OK"
2024-11-29 17:00:00,619 - httpx - INFO - HTTP Request: POST https://api.elevenlabs.io/v1/text-to-speech/21m00Tcm4TlvDq8ikWAM?optimize_streaming_latency=0&output_format=mp3_44100_128 "HTTP/1.1 200 OK"
2024-11-29 17:00:17,052 - httpx - INFO - HTTP Request: GET https://api.elevenlabs.io/v1/voices?show_legacy=true "HTTP/1.1 200 OK"
2024-11-29 17:00:17,831 - httpx - INFO - HTTP Request: POST https://api.elevenlabs.io/v1/text-to-speech/21m00Tcm4TlvDq8ikWAM?optimize_streaming_latency=0&output_format=mp3_44100_128 "HTTP/1.1 200 OK"
2024-11-29 17:00:24,479 - httpx - INFO - HTTP Request: GET https://api.elevenlabs.io/v1/voices?show_legacy=true "HTTP/1.1 200 OK"
2024-11-29 17:00:25,430 - httpx - INFO - HTTP Request: POST https://api.elevenlabs.io/v1/text-to-speech/21m00Tcm4TlvDq8ikWAM?optimize_streaming_latency=0&output_format=mp3_44100_128 "HTTP/1.1 200 OK"
2024-11-29 17:00:28,735 - __main__ - INFO - Listening for wake word...
2024-11-29 17:00:34,969 - __main__ - INFO - Heard: hey cortana
2024-11-29 17:00:35,554 - httpx - INFO - HTTP Request: GET https://api.elevenlabs.io/v1/voices?show_legacy=true "HTTP/1.1 200 OK"
2024-11-29 17:00:36,352 - httpx - INFO - HTTP Request: POST https://api.elevenlabs.io/v1/text-to-speech/21m00Tcm4TlvDq8ikWAM?optimize_streaming_latency=0&output_format=mp3_44100_128 "HTTP/1.1 200 OK"
2024-11-29 17:00:39,321 - httpx - INFO - HTTP Request: GET https://api.elevenlabs.io/v1/voices?show_legacy=true "HTTP/1.1 200 OK"
2024-11-29 17:00:40,147 - httpx - INFO - HTTP Request: POST https://api.elevenlabs.io/v1/text-to-speech/21m00Tcm4TlvDq8ikWAM?optimize_streaming_latency=0&output_format=mp3_44100_128 "HTTP/1.1 200 OK"
2024-11-29 17:01:59,867 - __main__ - INFO - Voice Assistant Initialized
2024-11-29 17:02:00,507 - httpx - INFO - HTTP Request: GET https://api.elevenlabs.io/v1/voices?show_legacy=true "HTTP/1.1 200 OK"
2024-11-29 17:02:01,443 - httpx - INFO - HTTP Request: POST https://api.elevenlabs.io/v1/text-to-speech/21m00Tcm4TlvDq8ikWAM?optimize_streaming_latency=0&output_format=mp3_44100_128 "HTTP/1.1 200 OK"
2024-11-29 17:02:04,958 - __main__ - INFO - Listening for wake word...
2024-11-29 17:02:08,162 - __main__ - INFO - Heard: hey cortana
2024-11-29 17:02:08,768 - httpx - INFO - HTTP Request: GET https://api.elevenlabs.io/v1/voices?show_legacy=true "HTTP/1.1 200 OK"
2024-11-29 17:02:09,584 - httpx - INFO - HTTP Request: POST https://api.elevenlabs.io/v1/text-to-speech/21m00Tcm4TlvDq8ikWAM?optimize_streaming_latency=0&output_format=mp3_44100_128 "HTTP/1.1 200 OK"
2024-11-29 17:02:12,512 - httpx - INFO - HTTP Request: GET https://api.elevenlabs.io/v1/voices?show_legacy=true "HTTP/1.1 200 OK"
2024-11-29 17:02:13,451 - httpx - INFO - HTTP Request: POST https://api.elevenlabs.io/v1/text-to-speech/21m00Tcm4TlvDq8ikWAM?optimize_streaming_latency=0&output_format=mp3_44100_128 "HTTP/1.1 200 OK"
2024-11-29 17:02:38,803 - __main__ - INFO - Voice Assistant Initialized
2024-11-29 17:02:39,519 - httpx - INFO - HTTP Request: GET https://api.elevenlabs.io/v1/voices?show_legacy=true "HTTP/1.1 200 OK"
2024-11-29 17:02:40,429 - httpx - INFO - HTTP Request: POST https://api.elevenlabs.io/v1/text-to-speech/21m00Tcm4TlvDq8ikWAM?optimize_streaming_latency=0&output_format=mp3_44100_128 "HTTP/1.1 200 OK"
2024-11-29 17:02:43,995 - __main__ - INFO - Listening for wake word...
2024-11-29 17:02:46,985 - __main__ - INFO - Heard: hey cortana
2024-11-29 17:02:47,565 - httpx - INFO - HTTP Request: GET https://api.elevenlabs.io/v1/voices?show_legacy=true "HTTP/1.1 200 OK"
2024-11-29 17:02:48,400 - httpx - INFO - HTTP Request: POST https://api.elevenlabs.io/v1/text-to-speech/21m00Tcm4TlvDq8ikWAM?optimize_streaming_latency=0&output_format=mp3_44100_128 "HTTP/1.1 200 OK"
2024-11-29 17:02:51,567 - httpx - INFO - HTTP Request: GET https://api.elevenlabs.io/v1/voices?show_legacy=true "HTTP/1.1 200 OK"
2024-11-29 17:02:52,405 - httpx - INFO - HTTP Request: POST https://api.elevenlabs.io/v1/text-to-speech/21m00Tcm4TlvDq8ikWAM?optimize_streaming_latency=0&output_format=mp3_44100_128 "HTTP/1.1 200 OK"
2024-11-29 17:02:58,595 - __main__ - INFO - User query: what is 2 + 2
2024-11-29 17:03:02,906 - httpx - INFO - HTTP Request: GET https://api.elevenlabs.io/v1/voices?show_legacy=true "HTTP/1.1 200 OK"
2024-11-29 17:03:03,759 - httpx - INFO - HTTP Request: POST https://api.elevenlabs.io/v1/text-to-speech/21m00Tcm4TlvDq8ikWAM?optimize_streaming_latency=0&output_format=mp3_44100_128 "HTTP/1.1 200 OK"
2024-11-29 17:03:06,655 - __main__ - INFO - Listening for wake word...
2024-11-29 17:03:11,135 - __main__ - INFO - Heard: goodbye cortana
2024-11-29 17:03:12,179 - __main__ - INFO - Listening for wake word...
2024-11-29 17:03:16,028 - __main__ - INFO - Listening for wake word...
2024-11-29 17:03:58,355 - __main__ - INFO - Voice Assistant Initialized
2024-11-29 17:03:59,238 - httpx - INFO - HTTP Request: GET https://api.elevenlabs.io/v1/voices?show_legacy=true "HTTP/1.1 200 OK"
2024-11-29 17:04:00,100 - httpx - INFO - HTTP Request: POST https://api.elevenlabs.io/v1/text-to-speech/21m00Tcm4TlvDq8ikWAM?optimize_streaming_latency=0&output_format=mp3_44100_128 "HTTP/1.1 200 OK"
2024-11-29 17:04:03,292 - __main__ - INFO - Listening for wake word...
2024-11-29 17:04:06,806 - __main__ - INFO - Heard: hey cortana
2024-11-29 17:04:07,699 - httpx - INFO - HTTP Request: GET https://api.elevenlabs.io/v1/voices?show_legacy=true "HTTP/1.1 200 OK"
2024-11-29 17:04:08,572 - httpx - INFO - HTTP Request: POST https://api.elevenlabs.io/v1/text-to-speech/21m00Tcm4TlvDq8ikWAM?optimize_streaming_latency=0&output_format=mp3_44100_128 "HTTP/1.1 200 OK"
2024-11-29 17:04:11,775 - httpx - INFO - HTTP Request: GET https://api.elevenlabs.io/v1/voices?show_legacy=true "HTTP/1.1 200 OK"
2024-11-29 17:04:12,558 - httpx - INFO - HTTP Request: POST https://api.elevenlabs.io/v1/text-to-speech/21m00Tcm4TlvDq8ikWAM?optimize_streaming_latency=0&output_format=mp3_44100_128 "HTTP/1.1 200 OK"
2024-11-29 17:04:18,094 - __main__ - INFO - User query: what is 2 + 2
2024-11-29 17:04:21,125 - httpx - INFO - HTTP Request: GET https://api.elevenlabs.io/v1/voices?show_legacy=true "HTTP/1.1 200 OK"
2024-11-29 17:04:21,982 - httpx - INFO - HTTP Request: POST https://api.elevenlabs.io/v1/text-to-speech/21m00Tcm4TlvDq8ikWAM?optimize_streaming_latency=0&output_format=mp3_44100_128 "HTTP/1.1 200 OK"
2024-11-29 17:04:25,013 - __main__ - INFO - Listening for wake word...
2024-11-29 17:04:28,756 - __main__ - INFO - Heard: goodbye cortana
2024-11-29 17:04:29,721 - httpx - INFO - HTTP Request: GET https://api.elevenlabs.io/v1/voices?show_legacy=true "HTTP/1.1 200 OK"
2024-11-29 17:04:30,826 - httpx - INFO - HTTP Request: POST https://api.elevenlabs.io/v1/text-to-speech/21m00Tcm4TlvDq8ikWAM?optimize_streaming_latency=0&output_format=mp3_44100_128 "HTTP/1.1 200 OK"
